This is pdfTeX, Version 3.14159265-2.6-1.40.20 (MiKTeX 2.9.7200 64-bit) (preloaded format=pdflatex 2019.10.14)  17 OCT 2019 14:30
entering extended mode
**./main.tex
(main.tex
LaTeX2e <2019-10-01>
("C:\Users\teodo\AppData\Local\Programs\MiKTeX 2.9\tex/latex/base\article.cls"
Document Class: article 2019/08/27 v1.4j Standard LaTeX document class
("C:\Users\teodo\AppData\Local\Programs\MiKTeX 2.9\tex/latex/base\size11.clo"
File: size11.clo 2019/08/27 v1.4j Standard LaTeX file (size option)
)
\c@part=\count80
\c@section=\count81
\c@subsection=\count82
\c@subsubsection=\count83
\c@paragraph=\count84
\c@subparagraph=\count85
\c@figure=\count86
\c@table=\count87
\abovecaptionskip=\skip41
\belowcaptionskip=\skip42
\bibindent=\dimen102
) (input/praeambel.tex
("C:\Users\teodo\AppData\Local\Programs\MiKTeX 2.9\tex/latex/base\inputenc.sty"
Package: inputenc 2018/08/11 v1.3c Input encoding file
\inpenc@prehook=\toks14
\inpenc@posthook=\toks15
) ("C:\Users\teodo\AppData\Local\Programs\MiKTeX 2.9\tex/generic/babel\babel.st
y"
Package: babel 2019/09/27 3.34 The Babel package

("C:\Users\teodo\AppData\Local\Programs\MiKTeX 2.9\tex/generic/babel\switch.def
"
File: switch.def 2019/09/27 3.34 Babel switching mechanism
)
*************************************
* Local config file bblopts.cfg used
*
("C:\Users\teodo\AppData\Local\Programs\MiKTeX 2.9\tex/latex/arabi\bblopts.cfg"
File: bblopts.cfg 2005/09/08 v0.1 add Arabic and Farsi to "declared" options of
 babel
)
("C:\Users\teodo\AppData\Local\Programs\MiKTeX 2.9\tex/latex/babel-german\ngerm
an.ldf"
Language: ngerman 2018/12/08 v2.11 German support for babel (post-1996 orthogra
phy)

("C:\Users\teodo\AppData\Local\Programs\MiKTeX 2.9\tex/latex/babel-german\ngerm
anb.ldf"
Language: ngermanb 2018/12/08 v2.11 German support for babel (post-1996 orthogr
aphy)

("C:\Users\teodo\AppData\Local\Programs\MiKTeX 2.9\tex/generic/babel\babel.def"
File: babel.def 2019/09/27 3.34 Babel common definitions
\babel@savecnt=\count88
\U@D=\dimen103

("C:\Users\teodo\AppData\Local\Programs\MiKTeX 2.9\tex/generic/babel\txtbabel.d
ef")
\bbl@dirlevel=\count89
)
Package babel Info: Making " an active character on input line 121.
)))
("C:\Users\teodo\AppData\Local\Programs\MiKTeX 2.9\tex/latex/base\fontenc.sty"
Package: fontenc 2018/08/11 v2.0j Standard LaTeX package

("C:\Users\teodo\AppData\Local\Programs\MiKTeX 2.9\tex/latex/base\t1enc.def"
File: t1enc.def 2018/08/11 v2.0j Standard LaTeX file
LaTeX Font Info:    Redeclaring font encoding T1 on input line 48.
))
("C:\Users\teodo\AppData\Local\Programs\MiKTeX 2.9\tex/latex/amsmath\amsmath.st
y"
Package: amsmath 2019/04/01 v2.17c AMS math features
\@mathmargin=\skip43

For additional information on amsmath, use the `?' option.

("C:\Users\teodo\AppData\Local\Programs\MiKTeX 2.9\tex/latex/amsmath\amstext.st
y"
Package: amstext 2000/06/29 v2.01 AMS text

("C:\Users\teodo\AppData\Local\Programs\MiKTeX 2.9\tex/latex/amsmath\amsgen.sty
"
File: amsgen.sty 1999/11/30 v2.0 generic functions
\@emptytoks=\toks16
\ex@=\dimen104
))
("C:\Users\teodo\AppData\Local\Programs\MiKTeX 2.9\tex/latex/amsmath\amsbsy.sty
"
Package: amsbsy 1999/11/29 v1.2d Bold Symbols
\pmbraise@=\dimen105
)
("C:\Users\teodo\AppData\Local\Programs\MiKTeX 2.9\tex/latex/amsmath\amsopn.sty
"
Package: amsopn 2016/03/08 v2.02 operator names
)
\inf@bad=\count90
LaTeX Info: Redefining \frac on input line 227.
\uproot@=\count91
\leftroot@=\count92
LaTeX Info: Redefining \overline on input line 389.
\classnum@=\count93
\DOTSCASE@=\count94
LaTeX Info: Redefining \ldots on input line 486.
LaTeX Info: Redefining \dots on input line 489.
LaTeX Info: Redefining \cdots on input line 610.
\Mathstrutbox@=\box27
\strutbox@=\box28
\big@size=\dimen106
LaTeX Font Info:    Redeclaring font encoding OML on input line 733.
LaTeX Font Info:    Redeclaring font encoding OMS on input line 734.
\macc@depth=\count95
\c@MaxMatrixCols=\count96
\dotsspace@=\muskip10
\c@parentequation=\count97
\dspbrk@lvl=\count98
\tag@help=\toks17
\row@=\count99
\column@=\count100
\maxfields@=\count101
\andhelp@=\toks18
\eqnshift@=\dimen107
\alignsep@=\dimen108
\tagshift@=\dimen109
\tagwidth@=\dimen110
\totwidth@=\dimen111
\lineht@=\dimen112
\@envbody=\toks19
\multlinegap=\skip44
\multlinetaggap=\skip45
\mathdisplay@stack=\toks20
LaTeX Info: Redefining \[ on input line 2855.
LaTeX Info: Redefining \] on input line 2856.
)
("C:\Users\teodo\AppData\Local\Programs\MiKTeX 2.9\tex/latex/siunitx\siunitx.st
y"
("C:\Users\teodo\AppData\Local\Programs\MiKTeX 2.9\tex/latex/l3kernel\expl3.sty
"
Package: expl3 2019-10-02 L3 programming layer (loader) 

("C:\Users\teodo\AppData\Local\Programs\MiKTeX 2.9\tex/latex/l3kernel\expl3-cod
e.tex"
Package: expl3 2019-10-02 L3 programming layer (code)
\c_max_int=\count102
\l_tmpa_int=\count103
\l_tmpb_int=\count104
\g_tmpa_int=\count105
\g_tmpb_int=\count106
\l__seq_internal_a_int=\count107
\l__seq_internal_b_int=\count108
\g__kernel_prg_map_int=\count109
\c__ior_term_noprompt_ior=\count110
\c_log_iow=\count111
\l_iow_line_count_int=\count112
\l__iow_line_target_int=\count113
\l__iow_one_indent_int=\count114
\l__iow_indent_int=\count115
\c_zero_dim=\dimen113
\c_max_dim=\dimen114
\l_tmpa_dim=\dimen115
\l_tmpb_dim=\dimen116
\g_tmpa_dim=\dimen117
\g_tmpb_dim=\dimen118
\c_zero_skip=\skip46
\c_max_skip=\skip47
\l_tmpa_skip=\skip48
\l_tmpb_skip=\skip49
\g_tmpa_skip=\skip50
\g_tmpb_skip=\skip51
\c_zero_muskip=\muskip11
\c_max_muskip=\muskip12
\l_tmpa_muskip=\muskip13
\l_tmpb_muskip=\muskip14
\g_tmpa_muskip=\muskip15
\g_tmpb_muskip=\muskip16
\l_keys_choice_int=\count116
\l__intarray_loop_int=\count117
\c__intarray_sp_dim=\dimen119
\g__intarray_font_int=\count118
\c__fp_leading_shift_int=\count119
\c__fp_middle_shift_int=\count120
\c__fp_trailing_shift_int=\count121
\c__fp_big_leading_shift_int=\count122
\c__fp_big_middle_shift_int=\count123
\c__fp_big_trailing_shift_int=\count124
\c__fp_Bigg_leading_shift_int=\count125
\c__fp_Bigg_middle_shift_int=\count126
\c__fp_Bigg_trailing_shift_int=\count127
\c__kernel_randint_max_int=\count128
\g__fp_array_int=\count129
\l__fp_array_loop_int=\count130
\l__sort_length_int=\count131
\l__sort_min_int=\count132
\l__sort_top_int=\count133
\l__sort_max_int=\count134
\l__sort_true_max_int=\count135
\l__sort_block_int=\count136
\l__sort_begin_int=\count137
\l__sort_end_int=\count138
\l__sort_A_int=\count139
\l__sort_B_int=\count140
\l__sort_C_int=\count141
\l__str_internal_int=\count142
\c__str_replacement_char_int=\count143
\l__tl_analysis_normal_int=\count144
\l__tl_analysis_index_int=\count145
\l__tl_analysis_nesting_int=\count146
\l__tl_analysis_type_int=\count147
\l__regex_internal_a_int=\count148
\l__regex_internal_b_int=\count149
\l__regex_internal_c_int=\count150
\l__regex_balance_int=\count151
\l__regex_group_level_int=\count152
\l__regex_mode_int=\count153
\c__regex_cs_in_class_mode_int=\count154
\c__regex_cs_mode_int=\count155
\l__regex_catcodes_int=\count156
\l__regex_default_catcodes_int=\count157
\c__regex_catcode_D_int=\count158
\c__regex_catcode_S_int=\count159
\c__regex_catcode_L_int=\count160
\c__regex_catcode_O_int=\count161
\c__regex_catcode_A_int=\count162
\c__regex_all_catcodes_int=\count163
\l__regex_show_lines_int=\count164
\l__regex_min_state_int=\count165
\l__regex_max_state_int=\count166
\l__regex_left_state_int=\count167
\l__regex_right_state_int=\count168
\l__regex_capturing_group_int=\count169
\l__regex_min_pos_int=\count170
\l__regex_max_pos_int=\count171
\l__regex_curr_pos_int=\count172
\l__regex_start_pos_int=\count173
\l__regex_success_pos_int=\count174
\l__regex_curr_char_int=\count175
\l__regex_curr_catcode_int=\count176
\l__regex_last_char_int=\count177
\l__regex_case_changed_char_int=\count178
\l__regex_curr_state_int=\count179
\l__regex_step_int=\count180
\l__regex_min_active_int=\count181
\l__regex_max_active_int=\count182
\l__regex_replacement_csnames_int=\count183
\l__regex_match_count_int=\count184
\l__regex_min_submatch_int=\count185
\l__regex_submatch_int=\count186
\l__regex_zeroth_submatch_int=\count187
\g__regex_trace_regex_int=\count188
\c_empty_box=\box29
\l_tmpa_box=\box30
\l_tmpb_box=\box31
\g_tmpa_box=\box32
\g_tmpb_box=\box33
\l__box_top_dim=\dimen120
\l__box_bottom_dim=\dimen121
\l__box_left_dim=\dimen122
\l__box_right_dim=\dimen123
\l__box_top_new_dim=\dimen124
\l__box_bottom_new_dim=\dimen125
\l__box_left_new_dim=\dimen126
\l__box_right_new_dim=\dimen127
\l__box_internal_box=\box34
\l__coffin_internal_box=\box35
\l__coffin_internal_dim=\dimen128
\l__coffin_offset_x_dim=\dimen129
\l__coffin_offset_y_dim=\dimen130
\l__coffin_x_dim=\dimen131
\l__coffin_y_dim=\dimen132
\l__coffin_x_prime_dim=\dimen133
\l__coffin_y_prime_dim=\dimen134
\c_empty_coffin=\box36
\l__coffin_aligned_coffin=\box37
\l__coffin_aligned_internal_coffin=\box38
\l_tmpa_coffin=\box39
\l_tmpb_coffin=\box40
\g_tmpa_coffin=\box41
\g_tmpb_coffin=\box42
\l__coffin_bounding_shift_dim=\dimen135
\l__coffin_left_corner_dim=\dimen136
\l__coffin_right_corner_dim=\dimen137
\l__coffin_bottom_corner_dim=\dimen138
\l__coffin_top_corner_dim=\dimen139
\l__coffin_scaled_total_height_dim=\dimen140
\l__coffin_scaled_width_dim=\dimen141
\c__coffin_empty_coffin=\box43
\l__coffin_display_coffin=\box44
\l__coffin_display_coord_coffin=\box45
\l__coffin_display_pole_coffin=\box46
\l__coffin_display_offset_dim=\dimen142
\l__coffin_display_x_dim=\dimen143
\l__coffin_display_y_dim=\dimen144
\g__char_data_ior=\read1

("C:\Users\teodo\AppData\Local\Programs\MiKTeX 2.9\tex/latex/l3kernel\l3depreca
tion.def"
File: l3deprecation.def 2019-04-06 v L3 Deprecated functions
))
("C:\Users\teodo\AppData\Local\Programs\MiKTeX 2.9\tex/latex/l3backend\l3backen
d-pdfmode.def"
File: l3backend-pdfmode.def 2019-04-06 v L3 backend support: PDF mode
\l__kernel_color_stack_int=\count189
\l__pdf_internal_box=\box47
))
("C:\Users\teodo\AppData\Local\Programs\MiKTeX 2.9\tex/latex/l3packages/xparse\
xparse.sty"
Package: xparse 2019-05-28 L3 Experimental document command parser
\l__xparse_current_arg_int=\count190
\g__xparse_grabber_int=\count191
\l__xparse_m_args_int=\count192
\l__xparse_v_nesting_int=\count193
)
Package: siunitx 2019/10/10 v2.7t A comprehensive (SI) units package

("C:\Users\teodo\AppData\Local\Programs\MiKTeX 2.9\tex/latex/tools\array.sty"
Package: array 2019/08/31 v2.4l Tabular extension package (FMi)
\col@sep=\dimen145
\ar@mcellbox=\box48
\extrarowheight=\dimen146
\NC@list=\toks21
\extratabsurround=\skip52
\backup@length=\skip53
\ar@cellbox=\box49
)
("C:\Users\teodo\AppData\Local\Programs\MiKTeX 2.9\tex/latex/l3packages/l3keys2
e\l3keys2e.sty"
Package: l3keys2e 2019-05-28 LaTeX2e option processing using LaTeX3 keys
)
\l__siunitx_tmp_box=\box50
\l__siunitx_tmp_dim=\dimen147
\l__siunitx_tmp_int=\count194
\l__siunitx_number_mantissa_length_int=\count195
\l__siunitx_number_uncert_length_int=\count196
\l__siunitx_round_int=\count197
\l__siunitx_process_decimal_int=\count198
\l__siunitx_process_uncertainty_int=\count199
\l__siunitx_process_fixed_int=\count266
\l__siunitx_process_integer_min_int=\count267
\l__siunitx_process_precision_int=\count268
\l__siunitx_group_min_int=\count269
\l__siunitx_angle_marker_box=\box51
\l__siunitx_angle_unit_box=\box52
\l__siunitx_angle_marker_dim=\dimen148
\l__siunitx_angle_unit_dim=\dimen149
\l__siunitx_unit_int=\count270
\l__siunitx_unit_denominator_int=\count271
\l__siunitx_unit_numerator_int=\count272
\l__siunitx_unit_prefix_int=\count273
\l__siunitx_unit_prefix_base_int=\count274
\l__siunitx_unit_prefix_gram_int=\count275
\l__siunitx_number_product_int=\count276
\c__siunitx_one_fill_skip=\skip54
\l__siunitx_table_unit_align_skip=\skip55
\l__siunitx_table_exponent_dim=\dimen150
\l__siunitx_table_integer_dim=\dimen151
\l__siunitx_table_mantissa_dim=\dimen152
\l__siunitx_table_marker_dim=\dimen153
\l__siunitx_table_result_dim=\dimen154
\l__siunitx_table_uncert_dim=\dimen155
\l__siunitx_table_fill_pre_dim=\dimen156
\l__siunitx_table_fill_post_dim=\dimen157
\l__siunitx_table_fill_mid_dim=\dimen158
\l__siunitx_table_pre_box=\box53
\l__siunitx_table_post_box=\box54
\l__siunitx_table_mantissa_box=\box55
\l__siunitx_table_result_box=\box56
\l__siunitx_table_number_align_skip=\skip56
\l__siunitx_table_text_align_skip=\skip57

("C:\Users\teodo\AppData\Local\Programs\MiKTeX 2.9\tex/latex/translator\transla
tor.sty"
Package: translator 2019-05-31 v1.12a Easy translation of strings in LaTeX

("C:\Users\teodo\AppData\Local\Programs\MiKTeX 2.9\tex/latex/graphics\keyval.st
y"
Package: keyval 2014/10/28 v1.15 key=value parser (DPC)
\KV@toks@=\toks22
)))
("C:\Users\teodo\AppData\Local\Programs\MiKTeX 2.9\tex/latex/extarrows\extarrow
s.sty"
Package: extarrows 2008/05/15 v1.0b Some extensible arrows
)
("C:\Users\teodo\AppData\Local\Programs\MiKTeX 2.9\tex/latex/pgf/frontendlayer\
tikz.sty"
("C:\Users\teodo\AppData\Local\Programs\MiKTeX 2.9\tex/latex/pgf/basiclayer\pgf
.sty"
("C:\Users\teodo\AppData\Local\Programs\MiKTeX 2.9\tex/latex/pgf/utilities\pgfr
cs.sty"
("C:\Users\teodo\AppData\Local\Programs\MiKTeX 2.9\tex/generic/pgf/utilities\pg
futil-common.tex"
\pgfutil@everybye=\toks23
\pgfutil@tempdima=\dimen159
\pgfutil@tempdimb=\dimen160

("C:\Users\teodo\AppData\Local\Programs\MiKTeX 2.9\tex/generic/pgf/utilities\pg
futil-common-lists.tex"))
("C:\Users\teodo\AppData\Local\Programs\MiKTeX 2.9\tex/generic/pgf/utilities\pg
futil-latex.def"
\pgfutil@abb=\box57

("C:\Users\teodo\AppData\Local\Programs\MiKTeX 2.9\tex/latex/ms\everyshi.sty"
Package: everyshi 2001/05/15 v3.00 EveryShipout Package (MS)
))
("C:\Users\teodo\AppData\Local\Programs\MiKTeX 2.9\tex/generic/pgf/utilities\pg
frcs.code.tex"
("C:\Users\teodo\AppData\Local\Programs\MiKTeX 2.9\tex/generic/pgf\pgf.revision
.tex")
Package: pgfrcs 2019/08/03 v3.1.4b (3.1.4b)
))
Package: pgf 2019/08/03 v3.1.4b (3.1.4b)

("C:\Users\teodo\AppData\Local\Programs\MiKTeX 2.9\tex/latex/pgf/basiclayer\pgf
core.sty"
("C:\Users\teodo\AppData\Local\Programs\MiKTeX 2.9\tex/latex/graphics\graphicx.
sty"
Package: graphicx 2017/06/01 v1.1a Enhanced LaTeX Graphics (DPC,SPQR)

("C:\Users\teodo\AppData\Local\Programs\MiKTeX 2.9\tex/latex/graphics\graphics.
sty"
Package: graphics 2019/07/20 v1.3b Standard LaTeX Graphics (DPC,SPQR)

("C:\Users\teodo\AppData\Local\Programs\MiKTeX 2.9\tex/latex/graphics\trig.sty"
Package: trig 2016/01/03 v1.10 sin cos tan (DPC)
)
("C:\Users\teodo\AppData\Local\Programs\MiKTeX 2.9\tex/latex/graphics-cfg\graph
ics.cfg"
File: graphics.cfg 2016/06/04 v1.11 sample graphics configuration
)
Package graphics Info: Driver file: pdftex.def on input line 105.

("C:\Users\teodo\AppData\Local\Programs\MiKTeX 2.9\tex/latex/graphics-def\pdfte
x.def"
File: pdftex.def 2018/01/08 v1.0l Graphics/color driver for pdftex
))
\Gin@req@height=\dimen161
\Gin@req@width=\dimen162
)
("C:\Users\teodo\AppData\Local\Programs\MiKTeX 2.9\tex/latex/pgf/systemlayer\pg
fsys.sty"
("C:\Users\teodo\AppData\Local\Programs\MiKTeX 2.9\tex/generic/pgf/systemlayer\
pgfsys.code.tex"
Package: pgfsys 2019/08/03 v3.1.4b (3.1.4b)

("C:\Users\teodo\AppData\Local\Programs\MiKTeX 2.9\tex/generic/pgf/utilities\pg
fkeys.code.tex"
\pgfkeys@pathtoks=\toks24
\pgfkeys@temptoks=\toks25

("C:\Users\teodo\AppData\Local\Programs\MiKTeX 2.9\tex/generic/pgf/utilities\pg
fkeysfiltered.code.tex"
\pgfkeys@tmptoks=\toks26
))
\pgf@x=\dimen163
\pgf@y=\dimen164
\pgf@xa=\dimen165
\pgf@ya=\dimen166
\pgf@xb=\dimen167
\pgf@yb=\dimen168
\pgf@xc=\dimen169
\pgf@yc=\dimen170
\pgf@xd=\dimen171
\pgf@yd=\dimen172
\w@pgf@writea=\write3
\r@pgf@reada=\read2
\c@pgf@counta=\count277
\c@pgf@countb=\count278
\c@pgf@countc=\count279
\c@pgf@countd=\count280
\t@pgf@toka=\toks27
\t@pgf@tokb=\toks28
\t@pgf@tokc=\toks29
\pgf@sys@id@count=\count281

("C:\Users\teodo\AppData\Local\Programs\MiKTeX 2.9\tex/generic/pgf/systemlayer\
pgf.cfg"
File: pgf.cfg 2019/08/03 v3.1.4b (3.1.4b)
)
Driver file for pgf: pgfsys-pdftex.def

("C:\Users\teodo\AppData\Local\Programs\MiKTeX 2.9\tex/generic/pgf/systemlayer\
pgfsys-pdftex.def"
File: pgfsys-pdftex.def 2019/08/03 v3.1.4b (3.1.4b)

("C:\Users\teodo\AppData\Local\Programs\MiKTeX 2.9\tex/generic/pgf/systemlayer\
pgfsys-common-pdf.def"
File: pgfsys-common-pdf.def 2019/08/03 v3.1.4b (3.1.4b)
)))
("C:\Users\teodo\AppData\Local\Programs\MiKTeX 2.9\tex/generic/pgf/systemlayer\
pgfsyssoftpath.code.tex"
File: pgfsyssoftpath.code.tex 2019/08/03 v3.1.4b (3.1.4b)
\pgfsyssoftpath@smallbuffer@items=\count282
\pgfsyssoftpath@bigbuffer@items=\count283
)
("C:\Users\teodo\AppData\Local\Programs\MiKTeX 2.9\tex/generic/pgf/systemlayer\
pgfsysprotocol.code.tex"
File: pgfsysprotocol.code.tex 2019/08/03 v3.1.4b (3.1.4b)
))
("C:\Users\teodo\AppData\Local\Programs\MiKTeX 2.9\tex/latex/xcolor\xcolor.sty"
Package: xcolor 2016/05/11 v2.12 LaTeX color extensions (UK)

("C:\Users\teodo\AppData\Local\Programs\MiKTeX 2.9\tex/latex/graphics-cfg\color
.cfg"
File: color.cfg 2016/01/02 v1.6 sample color configuration
)
Package xcolor Info: Driver file: pdftex.def on input line 225.
Package xcolor Info: Model `cmy' substituted by `cmy0' on input line 1348.
Package xcolor Info: Model `hsb' substituted by `rgb' on input line 1352.
Package xcolor Info: Model `RGB' extended on input line 1364.
Package xcolor Info: Model `HTML' substituted by `rgb' on input line 1366.
Package xcolor Info: Model `Hsb' substituted by `hsb' on input line 1367.
Package xcolor Info: Model `tHsb' substituted by `hsb' on input line 1368.
Package xcolor Info: Model `HSB' substituted by `hsb' on input line 1369.
Package xcolor Info: Model `Gray' substituted by `gray' on input line 1370.
Package xcolor Info: Model `wave' substituted by `hsb' on input line 1371.
)
("C:\Users\teodo\AppData\Local\Programs\MiKTeX 2.9\tex/generic/pgf/basiclayer\p
gfcore.code.tex"
Package: pgfcore 2019/08/03 v3.1.4b (3.1.4b)

("C:\Users\teodo\AppData\Local\Programs\MiKTeX 2.9\tex/generic/pgf/math\pgfmath
.code.tex"
("C:\Users\teodo\AppData\Local\Programs\MiKTeX 2.9\tex/generic/pgf/math\pgfmath
calc.code.tex"
("C:\Users\teodo\AppData\Local\Programs\MiKTeX 2.9\tex/generic/pgf/math\pgfmath
util.code.tex")
("C:\Users\teodo\AppData\Local\Programs\MiKTeX 2.9\tex/generic/pgf/math\pgfmath
parser.code.tex"
\pgfmath@dimen=\dimen173
\pgfmath@count=\count284
\pgfmath@box=\box58
\pgfmath@toks=\toks30
\pgfmath@stack@operand=\toks31
\pgfmath@stack@operation=\toks32
)
("C:\Users\teodo\AppData\Local\Programs\MiKTeX 2.9\tex/generic/pgf/math\pgfmath
functions.code.tex"
("C:\Users\teodo\AppData\Local\Programs\MiKTeX 2.9\tex/generic/pgf/math\pgfmath
functions.basic.code.tex")
("C:\Users\teodo\AppData\Local\Programs\MiKTeX 2.9\tex/generic/pgf/math\pgfmath
functions.trigonometric.code.tex")
("C:\Users\teodo\AppData\Local\Programs\MiKTeX 2.9\tex/generic/pgf/math\pgfmath
functions.random.code.tex")
("C:\Users\teodo\AppData\Local\Programs\MiKTeX 2.9\tex/generic/pgf/math\pgfmath
functions.comparison.code.tex")
("C:\Users\teodo\AppData\Local\Programs\MiKTeX 2.9\tex/generic/pgf/math\pgfmath
functions.base.code.tex")
("C:\Users\teodo\AppData\Local\Programs\MiKTeX 2.9\tex/generic/pgf/math\pgfmath
functions.round.code.tex")
("C:\Users\teodo\AppData\Local\Programs\MiKTeX 2.9\tex/generic/pgf/math\pgfmath
functions.misc.code.tex")
("C:\Users\teodo\AppData\Local\Programs\MiKTeX 2.9\tex/generic/pgf/math\pgfmath
functions.integerarithmetics.code.tex")))
("C:\Users\teodo\AppData\Local\Programs\MiKTeX 2.9\tex/generic/pgf/math\pgfmath
float.code.tex"
\c@pgfmathroundto@lastzeros=\count285
))
("C:\Users\teodo\AppData\Local\Programs\MiKTeX 2.9\tex/generic/pgf/math\pgfint.
code.tex")
("C:\Users\teodo\AppData\Local\Programs\MiKTeX 2.9\tex/generic/pgf/basiclayer\p
gfcorepoints.code.tex"
File: pgfcorepoints.code.tex 2019/08/03 v3.1.4b (3.1.4b)
\pgf@picminx=\dimen174
\pgf@picmaxx=\dimen175
\pgf@picminy=\dimen176
\pgf@picmaxy=\dimen177
\pgf@pathminx=\dimen178
\pgf@pathmaxx=\dimen179
\pgf@pathminy=\dimen180
\pgf@pathmaxy=\dimen181
\pgf@xx=\dimen182
\pgf@xy=\dimen183
\pgf@yx=\dimen184
\pgf@yy=\dimen185
\pgf@zx=\dimen186
\pgf@zy=\dimen187
)
("C:\Users\teodo\AppData\Local\Programs\MiKTeX 2.9\tex/generic/pgf/basiclayer\p
gfcorepathconstruct.code.tex"
File: pgfcorepathconstruct.code.tex 2019/08/03 v3.1.4b (3.1.4b)
\pgf@path@lastx=\dimen188
\pgf@path@lasty=\dimen189
)
("C:\Users\teodo\AppData\Local\Programs\MiKTeX 2.9\tex/generic/pgf/basiclayer\p
gfcorepathusage.code.tex"
File: pgfcorepathusage.code.tex 2019/08/03 v3.1.4b (3.1.4b)
\pgf@shorten@end@additional=\dimen190
\pgf@shorten@start@additional=\dimen191
)
("C:\Users\teodo\AppData\Local\Programs\MiKTeX 2.9\tex/generic/pgf/basiclayer\p
gfcorescopes.code.tex"
File: pgfcorescopes.code.tex 2019/08/03 v3.1.4b (3.1.4b)
\pgfpic=\box59
\pgf@hbox=\box60
\pgf@layerbox@main=\box61
\pgf@picture@serial@count=\count286
)
("C:\Users\teodo\AppData\Local\Programs\MiKTeX 2.9\tex/generic/pgf/basiclayer\p
gfcoregraphicstate.code.tex"
File: pgfcoregraphicstate.code.tex 2019/08/03 v3.1.4b (3.1.4b)
\pgflinewidth=\dimen192
)
("C:\Users\teodo\AppData\Local\Programs\MiKTeX 2.9\tex/generic/pgf/basiclayer\p
gfcoretransformations.code.tex"
File: pgfcoretransformations.code.tex 2019/08/03 v3.1.4b (3.1.4b)
\pgf@pt@x=\dimen193
\pgf@pt@y=\dimen194
\pgf@pt@temp=\dimen195
)
("C:\Users\teodo\AppData\Local\Programs\MiKTeX 2.9\tex/generic/pgf/basiclayer\p
gfcorequick.code.tex"
File: pgfcorequick.code.tex 2019/08/03 v3.1.4b (3.1.4b)
)
("C:\Users\teodo\AppData\Local\Programs\MiKTeX 2.9\tex/generic/pgf/basiclayer\p
gfcoreobjects.code.tex"
File: pgfcoreobjects.code.tex 2019/08/03 v3.1.4b (3.1.4b)
)
("C:\Users\teodo\AppData\Local\Programs\MiKTeX 2.9\tex/generic/pgf/basiclayer\p
gfcorepathprocessing.code.tex"
File: pgfcorepathprocessing.code.tex 2019/08/03 v3.1.4b (3.1.4b)
)
("C:\Users\teodo\AppData\Local\Programs\MiKTeX 2.9\tex/generic/pgf/basiclayer\p
gfcorearrows.code.tex"
File: pgfcorearrows.code.tex 2019/08/03 v3.1.4b (3.1.4b)
\pgfarrowsep=\dimen196
)
("C:\Users\teodo\AppData\Local\Programs\MiKTeX 2.9\tex/generic/pgf/basiclayer\p
gfcoreshade.code.tex"
File: pgfcoreshade.code.tex 2019/08/03 v3.1.4b (3.1.4b)
\pgf@max=\dimen197
\pgf@sys@shading@range@num=\count287
\pgf@shadingcount=\count288
)
("C:\Users\teodo\AppData\Local\Programs\MiKTeX 2.9\tex/generic/pgf/basiclayer\p
gfcoreimage.code.tex"
File: pgfcoreimage.code.tex 2019/08/03 v3.1.4b (3.1.4b)

("C:\Users\teodo\AppData\Local\Programs\MiKTeX 2.9\tex/generic/pgf/basiclayer\p
gfcoreexternal.code.tex"
File: pgfcoreexternal.code.tex 2019/08/03 v3.1.4b (3.1.4b)
\pgfexternal@startupbox=\box62
))
("C:\Users\teodo\AppData\Local\Programs\MiKTeX 2.9\tex/generic/pgf/basiclayer\p
gfcorelayers.code.tex"
File: pgfcorelayers.code.tex 2019/08/03 v3.1.4b (3.1.4b)
)
("C:\Users\teodo\AppData\Local\Programs\MiKTeX 2.9\tex/generic/pgf/basiclayer\p
gfcoretransparency.code.tex"
File: pgfcoretransparency.code.tex 2019/08/03 v3.1.4b (3.1.4b)
)
("C:\Users\teodo\AppData\Local\Programs\MiKTeX 2.9\tex/generic/pgf/basiclayer\p
gfcorepatterns.code.tex"
File: pgfcorepatterns.code.tex 2019/08/03 v3.1.4b (3.1.4b)
)
("C:\Users\teodo\AppData\Local\Programs\MiKTeX 2.9\tex/generic/pgf/basiclayer\p
gfcorerdf.code.tex"
File: pgfcorerdf.code.tex 2019/08/03 v3.1.4b (3.1.4b)
)))
("C:\Users\teodo\AppData\Local\Programs\MiKTeX 2.9\tex/generic/pgf/modules\pgfm
oduleshapes.code.tex"
File: pgfmoduleshapes.code.tex 2019/08/03 v3.1.4b (3.1.4b)
\pgfnodeparttextbox=\box63
)
("C:\Users\teodo\AppData\Local\Programs\MiKTeX 2.9\tex/generic/pgf/modules\pgfm
oduleplot.code.tex"
File: pgfmoduleplot.code.tex 2019/08/03 v3.1.4b (3.1.4b)
)
("C:\Users\teodo\AppData\Local\Programs\MiKTeX 2.9\tex/latex/pgf/compatibility\
pgfcomp-version-0-65.sty"
Package: pgfcomp-version-0-65 2019/08/03 v3.1.4b (3.1.4b)
\pgf@nodesepstart=\dimen198
\pgf@nodesepend=\dimen199
)
("C:\Users\teodo\AppData\Local\Programs\MiKTeX 2.9\tex/latex/pgf/compatibility\
pgfcomp-version-1-18.sty"
Package: pgfcomp-version-1-18 2019/08/03 v3.1.4b (3.1.4b)
))
("C:\Users\teodo\AppData\Local\Programs\MiKTeX 2.9\tex/latex/pgf/utilities\pgff
or.sty"
("C:\Users\teodo\AppData\Local\Programs\MiKTeX 2.9\tex/latex/pgf/utilities\pgfk
eys.sty"
("C:\Users\teodo\AppData\Local\Programs\MiKTeX 2.9\tex/generic/pgf/utilities\pg
fkeys.code.tex"))
("C:\Users\teodo\AppData\Local\Programs\MiKTeX 2.9\tex/latex/pgf/math\pgfmath.s
ty"
("C:\Users\teodo\AppData\Local\Programs\MiKTeX 2.9\tex/generic/pgf/math\pgfmath
.code.tex"))
("C:\Users\teodo\AppData\Local\Programs\MiKTeX 2.9\tex/generic/pgf/utilities\pg
ffor.code.tex"
Package: pgffor 2019/08/03 v3.1.4b (3.1.4b)

("C:\Users\teodo\AppData\Local\Programs\MiKTeX 2.9\tex/generic/pgf/math\pgfmath
.code.tex")
\pgffor@iter=\dimen256
\pgffor@skip=\dimen257
\pgffor@stack=\toks33
\pgffor@toks=\toks34
))
("C:\Users\teodo\AppData\Local\Programs\MiKTeX 2.9\tex/generic/pgf/frontendlaye
r/tikz\tikz.code.tex"
Package: tikz 2019/08/03 v3.1.4b (3.1.4b)

("C:\Users\teodo\AppData\Local\Programs\MiKTeX 2.9\tex/generic/pgf/libraries\pg
flibraryplothandlers.code.tex"
File: pgflibraryplothandlers.code.tex 2019/08/03 v3.1.4b (3.1.4b)
\pgf@plot@mark@count=\count289
\pgfplotmarksize=\dimen258
)
\tikz@lastx=\dimen259
\tikz@lasty=\dimen260
\tikz@lastxsaved=\dimen261
\tikz@lastysaved=\dimen262
\tikz@lastmovetox=\dimen263
\tikz@lastmovetoy=\dimen264
\tikzleveldistance=\dimen265
\tikzsiblingdistance=\dimen266
\tikz@figbox=\box64
\tikz@figbox@bg=\box65
\tikz@tempbox=\box66
\tikz@tempbox@bg=\box67
\tikztreelevel=\count290
\tikznumberofchildren=\count291
\tikznumberofcurrentchild=\count292
\tikz@fig@count=\count293

("C:\Users\teodo\AppData\Local\Programs\MiKTeX 2.9\tex/generic/pgf/modules\pgfm
odulematrix.code.tex"
File: pgfmodulematrix.code.tex 2019/08/03 v3.1.4b (3.1.4b)
\pgfmatrixcurrentrow=\count294
\pgfmatrixcurrentcolumn=\count295
\pgf@matrix@numberofcolumns=\count296
)
\tikz@expandcount=\count297

("C:\Users\teodo\AppData\Local\Programs\MiKTeX 2.9\tex/generic/pgf/frontendlaye
r/tikz/libraries\tikzlibrarytopaths.code.tex"
File: tikzlibrarytopaths.code.tex 2019/08/03 v3.1.4b (3.1.4b)
)))
("C:\Users\teodo\AppData\Local\Programs\MiKTeX 2.9\tex/latex/tikz-cd\tikz-cd.st
y"
Package: tikz-cd 2018/11/19 v0.9f Commutative diagrams with TikZ

("C:\Users\teodo\AppData\Local\Programs\MiKTeX 2.9\tex/latex/tikz-cd\tikzlibrar
ycd.code.tex"
("C:\Users\teodo\AppData\Local\Programs\MiKTeX 2.9\tex/generic/pgf/frontendlaye
r/tikz/libraries\tikzlibrarymatrix.code.tex"
File: tikzlibrarymatrix.code.tex 2019/08/03 v3.1.4b (3.1.4b)
)
("C:\Users\teodo\AppData\Local\Programs\MiKTeX 2.9\tex/generic/pgf/frontendlaye
r/tikz/libraries\tikzlibraryquotes.code.tex"
File: tikzlibraryquotes.code.tex 2019/08/03 v3.1.4b (3.1.4b)
)
("C:\Users\teodo\AppData\Local\Programs\MiKTeX 2.9\tex/generic/pgf/libraries\pg
flibraryarrows.meta.code.tex"
File: pgflibraryarrows.meta.code.tex 2019/08/03 v3.1.4b (3.1.4b)
\pgfarrowinset=\dimen267
\pgfarrowlength=\dimen268
\pgfarrowwidth=\dimen269
\pgfarrowlinewidth=\dimen270
)))
("C:\Users\teodo\AppData\Local\Programs\MiKTeX 2.9\tex/latex/import\import.sty"
Package: import 2009/03/23  v 5.1
)
("C:\Users\teodo\AppData\Local\Programs\MiKTeX 2.9\tex/latex/tools\multicol.sty
"
Package: multicol 2019/03/01 v1.8w multicolumn formatting (FMi)
\c@tracingmulticols=\count298
\mult@box=\box68
\multicol@leftmargin=\dimen271
\c@unbalance=\count299
\c@collectmore=\count300
\doublecol@number=\count301
\multicoltolerance=\count302
\multicolpretolerance=\count303
\full@width=\dimen272
\page@free=\dimen273
\premulticols=\dimen274
\postmulticols=\dimen275
\multicolsep=\skip58
\multicolbaselineskip=\skip59
\partial@page=\box69
\last@line=\box70
\maxbalancingoverflow=\dimen276
\mult@rightbox=\box71
\mult@grightbox=\box72
\mult@gfirstbox=\box73
\mult@firstbox=\box74
\@tempa=\box75
\@tempa=\box76
\@tempa=\box77
\@tempa=\box78
\@tempa=\box79
\@tempa=\box80
\@tempa=\box81
\@tempa=\box82
\@tempa=\box83
\@tempa=\box84
\@tempa=\box85
\@tempa=\box86
\@tempa=\box87
\@tempa=\box88
\@tempa=\box89
\@tempa=\box90
\@tempa=\box91
\c@minrows=\count304
\c@columnbadness=\count305
\c@finalcolumnbadness=\count306
\last@try=\dimen277
\multicolovershoot=\dimen278
\multicolundershoot=\dimen279
\mult@nat@firstbox=\box92
\colbreak@box=\box93
\mc@col@check@num=\count307
)
("C:\Users\teodo\AppData\Local\Programs\MiKTeX 2.9\tex/latex/lipsum\lipsum.sty"
Package: lipsum 2019/01/02 v2.2 150 paragraphs of Lorem Ipsum dummy text

("C:\Users\teodo\AppData\Local\Programs\MiKTeX 2.9\tex/latex/lipsum\lipsum.ltd.
tex"
File: lipsum.ltd.tex 2019/01/02 v2.2 The Lorem ipsum dummy text
))
("C:\Users\teodo\AppData\Local\Programs\MiKTeX 2.9\tex/latex/pgfplots\pgfplots.
sty"
("C:\Users\teodo\AppData\Local\Programs\MiKTeX 2.9\tex/generic/pgfplots\pgfplot
s.revision.tex")
Package: pgfplots 2018/03/28 v1.16 Data Visualization (1.16)

("C:\Users\teodo\AppData\Local\Programs\MiKTeX 2.9\tex/generic/pgfplots\pgfplot
s.code.tex"
("C:\Users\teodo\AppData\Local\Programs\MiKTeX 2.9\tex/generic/pgfplots\pgfplot
score.code.tex"
\t@pgfplots@toka=\toks35
\t@pgfplots@tokb=\toks36
\t@pgfplots@tokc=\toks37
\pgfplots@tmpa=\dimen280
\c@pgfplots@coordindex=\count308
\c@pgfplots@scanlineindex=\count309

("C:\Users\teodo\AppData\Local\Programs\MiKTeX 2.9\tex/generic/pgfplots/sys\pgf
plotssysgeneric.code.tex"))
("C:\Users\teodo\AppData\Local\Programs\MiKTeX 2.9\tex/generic/pgfplots/libs\pg
fplotslibrary.code.tex")
("C:\Users\teodo\AppData\Local\Programs\MiKTeX 2.9\tex/generic/pgfplots/oldpgfc
ompatib\pgfplotsoldpgfsupp_loader.code.tex"
("C:\Users\teodo\AppData\Local\Programs\MiKTeX 2.9\tex/generic/pgf/libraries\pg
flibraryfpu.code.tex"))
("C:\Users\teodo\AppData\Local\Programs\MiKTeX 2.9\tex/generic/pgfplots/util\pg
fplotsutil.code.tex"
("C:\Users\teodo\AppData\Local\Programs\MiKTeX 2.9\tex/generic/pgfplots/liststr
ucture\pgfplotsliststructure.code.tex")
("C:\Users\teodo\AppData\Local\Programs\MiKTeX 2.9\tex/generic/pgfplots/liststr
ucture\pgfplotsliststructureext.code.tex")
("C:\Users\teodo\AppData\Local\Programs\MiKTeX 2.9\tex/generic/pgfplots/liststr
ucture\pgfplotsarray.code.tex"
\c@pgfplotsarray@tmp=\count310
)
("C:\Users\teodo\AppData\Local\Programs\MiKTeX 2.9\tex/generic/pgfplots/liststr
ucture\pgfplotsmatrix.code.tex")
("C:\Users\teodo\AppData\Local\Programs\MiKTeX 2.9\tex/generic/pgfplots/numtabl
e\pgfplotstableshared.code.tex"
\c@pgfplotstable@counta=\count311
\t@pgfplotstable@a=\toks38
)
("C:\Users\teodo\AppData\Local\Programs\MiKTeX 2.9\tex/generic/pgfplots/liststr
ucture\pgfplotsdeque.code.tex")
("C:\Users\teodo\AppData\Local\Programs\MiKTeX 2.9\tex/generic/pgfplots/util\pg
fplotsbinary.code.tex"
("C:\Users\teodo\AppData\Local\Programs\MiKTeX 2.9\tex/generic/pgfplots/util\pg
fplotsbinary.data.code.tex"))
("C:\Users\teodo\AppData\Local\Programs\MiKTeX 2.9\tex/generic/pgfplots/util\pg
fplotsutil.verb.code.tex")
("C:\Users\teodo\AppData\Local\Programs\MiKTeX 2.9\tex/generic/pgfplots/libs\pg
flibrarypgfplots.surfshading.code.tex"
\c@pgfplotslibrarysurf@no=\count312

("C:\Users\teodo\AppData\Local\Programs\MiKTeX 2.9\tex/generic/pgfplots/sys\pgf
librarypgfplots.surfshading.pgfsys-pdftex.def")))
("C:\Users\teodo\AppData\Local\Programs\MiKTeX 2.9\tex/generic/pgfplots/util\pg
fplotscolormap.code.tex"
("C:\Users\teodo\AppData\Local\Programs\MiKTeX 2.9\tex/generic/pgfplots/util\pg
fplotscolor.code.tex"))
("C:\Users\teodo\AppData\Local\Programs\MiKTeX 2.9\tex/generic/pgfplots\pgfplot
sstackedplots.code.tex")
("C:\Users\teodo\AppData\Local\Programs\MiKTeX 2.9\tex/generic/pgfplots\pgfplot
splothandlers.code.tex"
("C:\Users\teodo\AppData\Local\Programs\MiKTeX 2.9\tex/generic/pgfplots\pgfplot
smeshplothandler.code.tex"
("C:\Users\teodo\AppData\Local\Programs\MiKTeX 2.9\tex/generic/pgfplots\pgfplot
smeshplotimage.code.tex")))
("C:\Users\teodo\AppData\Local\Programs\MiKTeX 2.9\tex/generic/pgfplots\pgfplot
s.scaling.code.tex")
("C:\Users\teodo\AppData\Local\Programs\MiKTeX 2.9\tex/generic/pgfplots\pgfplot
scoordprocessing.code.tex")
("C:\Users\teodo\AppData\Local\Programs\MiKTeX 2.9\tex/generic/pgfplots\pgfplot
s.errorbars.code.tex")
("C:\Users\teodo\AppData\Local\Programs\MiKTeX 2.9\tex/generic/pgfplots\pgfplot
s.markers.code.tex")
("C:\Users\teodo\AppData\Local\Programs\MiKTeX 2.9\tex/generic/pgfplots\pgfplot
sticks.code.tex")
("C:\Users\teodo\AppData\Local\Programs\MiKTeX 2.9\tex/generic/pgfplots\pgfplot
s.paths.code.tex")
("C:\Users\teodo\AppData\Local\Programs\MiKTeX 2.9\tex/generic/pgf/frontendlaye
r/tikz/libraries\tikzlibrarydecorations.code.tex"
("C:\Users\teodo\AppData\Local\Programs\MiKTeX 2.9\tex/generic/pgf/modules\pgfm
oduledecorations.code.tex"
\pgfdecoratedcompleteddistance=\dimen281
\pgfdecoratedremainingdistance=\dimen282
\pgfdecoratedinputsegmentcompleteddistance=\dimen283
\pgfdecoratedinputsegmentremainingdistance=\dimen284
\pgf@decorate@distancetomove=\dimen285
\pgf@decorate@repeatstate=\count313
\pgfdecorationsegmentamplitude=\dimen286
\pgfdecorationsegmentlength=\dimen287
)
\tikz@lib@dec@box=\box94
)
("C:\Users\teodo\AppData\Local\Programs\MiKTeX 2.9\tex/generic/pgf/frontendlaye
r/tikz/libraries\tikzlibrarydecorations.pathmorphing.code.tex"
("C:\Users\teodo\AppData\Local\Programs\MiKTeX 2.9\tex/generic/pgf/libraries/de
corations\pgflibrarydecorations.pathmorphing.code.tex"))
("C:\Users\teodo\AppData\Local\Programs\MiKTeX 2.9\tex/generic/pgf/frontendlaye
r/tikz/libraries\tikzlibrarydecorations.pathreplacing.code.tex"
("C:\Users\teodo\AppData\Local\Programs\MiKTeX 2.9\tex/generic/pgf/libraries/de
corations\pgflibrarydecorations.pathreplacing.code.tex"))
\pgfplots@numplots=\count314
\pgfplots@xmin@reg=\dimen288
\pgfplots@xmax@reg=\dimen289
\pgfplots@ymin@reg=\dimen290
\pgfplots@ymax@reg=\dimen291
\pgfplots@zmin@reg=\dimen292
\pgfplots@zmax@reg=\dimen293
)
("C:\Users\teodo\AppData\Local\Programs\MiKTeX 2.9\tex/generic/pgf/frontendlaye
r/tikz/libraries\tikzlibraryplotmarks.code.tex"
File: tikzlibraryplotmarks.code.tex 2019/08/03 v3.1.4b (3.1.4b)

("C:\Users\teodo\AppData\Local\Programs\MiKTeX 2.9\tex/generic/pgf/libraries\pg
flibraryplotmarks.code.tex"
File: pgflibraryplotmarks.code.tex 2019/08/03 v3.1.4b (3.1.4b)
)))
("C:\Users\teodo\AppData\Local\Programs\MiKTeX 2.9\tex/latex/calrsfs\calrsfs.st
y"
\symrsfscript=\mathgroup4
)
("C:\Users\teodo\AppData\Local\Programs\MiKTeX 2.9\tex/latex/setspace\setspace.
sty"
Package: setspace 2011/12/19 v6.7a set line spacing
)
("C:\Users\teodo\AppData\Local\Programs\MiKTeX 2.9\tex/latex/cancel\cancel.sty"
Package: cancel 2013/04/12 v2.2 Cancel math terms
)
("C:\Users\teodo\AppData\Local\Programs\MiKTeX 2.9\tex/latex/listings\listings.
sty"
\lst@mode=\count315
\lst@gtempboxa=\box95
\lst@token=\toks39
\lst@length=\count316
\lst@currlwidth=\dimen294
\lst@column=\count317
\lst@pos=\count318
\lst@lostspace=\dimen295
\lst@width=\dimen296
\lst@newlines=\count319
\lst@lineno=\count320
\lst@maxwidth=\dimen297

("C:\Users\teodo\AppData\Local\Programs\MiKTeX 2.9\tex/latex/listings\lstmisc.s
ty"
File: lstmisc.sty 2019/09/10 1.8c (Carsten Heinz)
\c@lstnumber=\count321
\lst@skipnumbers=\count322
\lst@framebox=\box96
)
("C:\Users\teodo\AppData\Local\Programs\MiKTeX 2.9\tex/latex/listings\listings.
cfg"
File: listings.cfg 2019/09/10 1.8c listings configuration
))
Package: listings 2019/09/10 1.8c (Carsten Heinz)

("C:\Users\teodo\AppData\Local\Programs\MiKTeX 2.9\tex/latex/subfig\subfig.sty"
Package: subfig 2005/06/28 ver: 1.3 subfig package

("C:\Users\teodo\AppData\Local\Programs\MiKTeX 2.9\tex/latex/caption\caption.st
y"
Package: caption 2019/09/01 v3.3d Customizing captions (AR)

("C:\Users\teodo\AppData\Local\Programs\MiKTeX 2.9\tex/latex/caption\caption3.s
ty"
Package: caption3 2019/09/01 v1.8d caption3 kernel (AR)
Package caption3 Info: TeX engine: e-TeX on input line 64.
\captionmargin=\dimen298
\captionmargin@=\dimen299
\captionwidth=\dimen300
\caption@tempdima=\dimen301
\caption@indent=\dimen302
\caption@parindent=\dimen303
\caption@hangindent=\dimen304
)
\c@caption@flags=\count323
\c@ContinuedFloat=\count324
Package caption Info: listings package is loaded.
)
\c@KVtest=\count325
\sf@farskip=\skip60
\sf@captopadj=\dimen305
\sf@capskip=\skip61
\sf@nearskip=\skip62
\c@subfigure=\count326
\c@subfigure@save=\count327
\c@lofdepth=\count328
\c@subtable=\count329
\c@subtable@save=\count330
\c@lotdepth=\count331
\sf@top=\skip63
\sf@bottom=\skip64
)
("C:\Users\teodo\AppData\Local\Programs\MiKTeX 2.9\tex/latex/biblatex\biblatex.
sty"
Package: biblatex 2019/08/31 v3.13a programmable bibliographies (PK/MW)

("C:\Users\teodo\AppData\Local\Programs\MiKTeX 2.9\tex/generic/oberdiek\pdftexc
mds.sty"
Package: pdftexcmds 2019/07/25 v0.30 Utility functions of pdfTeX for LuaTeX (HO
)

("C:\Users\teodo\AppData\Local\Programs\MiKTeX 2.9\tex/generic/oberdiek\infware
rr.sty"
Package: infwarerr 2016/05/16 v1.4 Providing info/warning/error messages (HO)
)
("C:\Users\teodo\AppData\Local\Programs\MiKTeX 2.9\tex/generic/oberdiek\ifluate
x.sty"
Package: ifluatex 2016/05/16 v1.4 Provides the ifluatex switch (HO)
Package ifluatex Info: LuaTeX not detected.
)
("C:\Users\teodo\AppData\Local\Programs\MiKTeX 2.9\tex/generic/oberdiek\ltxcmds
.sty"
Package: ltxcmds 2016/05/16 v1.23 LaTeX kernel commands for general use (HO)
)
("C:\Users\teodo\AppData\Local\Programs\MiKTeX 2.9\tex/generic/oberdiek\ifpdf.s
ty"
Package: ifpdf 2018/09/07 v3.3 Provides the ifpdf switch
)
Package pdftexcmds Info: LuaTeX not detected.
Package pdftexcmds Info: \pdf@primitive is available.
Package pdftexcmds Info: \pdf@ifprimitive is available.
Package pdftexcmds Info: \pdfdraftmode found.
)
("C:\Users\teodo\AppData\Local\Programs\MiKTeX 2.9\tex/latex/etoolbox\etoolbox.
sty"
Package: etoolbox 2019/09/21 v2.5h e-TeX tools for LaTeX (JAW)
\etb@tempcnta=\count332
)
("C:\Users\teodo\AppData\Local\Programs\MiKTeX 2.9\tex/latex/oberdiek\kvoptions
.sty"
Package: kvoptions 2016/05/16 v3.12 Key value format for package options (HO)

("C:\Users\teodo\AppData\Local\Programs\MiKTeX 2.9\tex/generic/oberdiek\kvsetke
ys.sty"
Package: kvsetkeys 2016/05/16 v1.17 Key value parser (HO)

("C:\Users\teodo\AppData\Local\Programs\MiKTeX 2.9\tex/generic/oberdiek\etexcmd
s.sty"
Package: etexcmds 2016/05/16 v1.6 Avoid name clashes with e-TeX commands (HO)
)))
("C:\Users\teodo\AppData\Local\Programs\MiKTeX 2.9\tex/latex/logreq\logreq.sty"
Package: logreq 2010/08/04 v1.0 xml request logger
\lrq@indent=\count333
("C:\Users\teodo\AppData\Local\Programs\MiKTeX 2.9\tex/latex/logreq\logreq.def"
File: logreq.def 2010/08/04 v1.0 logreq spec v1.0
)) ("C:\Users\teodo\AppData\Local\Programs\MiKTeX 2.9\tex/latex/base\ifthen.sty
"
Package: ifthen 2014/09/29 v1.1c Standard LaTeX ifthen package (DPC)
) ("C:\Users\teodo\AppData\Local\Programs\MiKTeX 2.9\tex/latex/url\url.sty"
\Urlmuskip=\muskip17
Package: url 2013/09/16  ver 3.4  Verb mode for urls, etc.
)
\c@tabx@nest=\count334
\c@listtotal=\count335
\c@listcount=\count336
\c@liststart=\count337
\c@liststop=\count338
\c@citecount=\count339
\c@citetotal=\count340
\c@multicitecount=\count341
\c@multicitetotal=\count342
\c@instcount=\count343
\c@maxnames=\count344
\c@minnames=\count345
\c@maxitems=\count346
\c@minitems=\count347
\c@citecounter=\count348
\c@maxcitecounter=\count349
\c@savedcitecounter=\count350
\c@uniquelist=\count351
\c@uniquename=\count352
\c@refsection=\count353
\c@refsegment=\count354
\c@maxextratitle=\count355
\c@maxextratitleyear=\count356
\c@maxextraname=\count357
\c@maxextradate=\count358
\c@maxextraalpha=\count359
\c@abbrvpenalty=\count360
\c@highnamepenalty=\count361
\c@lownamepenalty=\count362
\c@maxparens=\count363
\c@parenlevel=\count364
\blx@tempcnta=\count365
\blx@tempcntb=\count366
\blx@tempcntc=\count367
\blx@maxsection=\count368
\blx@maxsegment@0=\count369
\blx@notetype=\count370
\blx@parenlevel@text=\count371
\blx@parenlevel@foot=\count372
\blx@sectionciteorder@0=\count373
\blx@entrysetcounter=\count374
\labelnumberwidth=\skip65
\labelalphawidth=\skip66
\biblabelsep=\skip67
\bibitemsep=\skip68
\bibnamesep=\skip69
\bibinitsep=\skip70
\bibparsep=\skip71
\bibhang=\skip72
\blx@bcfin=\read3
\blx@bcfout=\write4
\blx@langwohyphens=\language82
\c@mincomprange=\count375
\c@maxcomprange=\count376
\c@mincompwidth=\count377
Package biblatex Info: Trying to load biblatex default data model...
Package biblatex Info: ... file 'blx-dm.def' found.

("C:\Users\teodo\AppData\Local\Programs\MiKTeX 2.9\tex/latex/biblatex\blx-dm.de
f"
File: blx-dm.def 2019/08/31 v3.13a biblatex localization (PK/MW)
)
Package biblatex Info: Trying to load biblatex style data model...
Package biblatex Info: ... file 'alphabetic.dbx' not found.
Package biblatex Info: Trying to load biblatex custom data model...
Package biblatex Info: ... file 'biblatex-dm.cfg' not found.
\c@afterword=\count378
\c@savedafterword=\count379
\c@annotator=\count380
\c@savedannotator=\count381
\c@author=\count382
\c@savedauthor=\count383
\c@bookauthor=\count384
\c@savedbookauthor=\count385
\c@commentator=\count386
\c@savedcommentator=\count387
\c@editor=\count388
\c@savededitor=\count389
\c@editora=\count390
\c@savededitora=\count391
\c@editorb=\count392
\c@savededitorb=\count393
\c@editorc=\count394
\c@savededitorc=\count395
\c@foreword=\count396
\c@savedforeword=\count397
\c@holder=\count398
\c@savedholder=\count399
\c@introduction=\count400
\c@savedintroduction=\count401
\c@namea=\count402
\c@savednamea=\count403
\c@nameb=\count404
\c@savednameb=\count405
\c@namec=\count406
\c@savednamec=\count407
\c@translator=\count408
\c@savedtranslator=\count409
\c@shortauthor=\count410
\c@savedshortauthor=\count411
\c@shorteditor=\count412
\c@savedshorteditor=\count413
\c@labelname=\count414
\c@savedlabelname=\count415
\c@institution=\count416
\c@savedinstitution=\count417
\c@lista=\count418
\c@savedlista=\count419
\c@listb=\count420
\c@savedlistb=\count421
\c@listc=\count422
\c@savedlistc=\count423
\c@listd=\count424
\c@savedlistd=\count425
\c@liste=\count426
\c@savedliste=\count427
\c@listf=\count428
\c@savedlistf=\count429
\c@location=\count430
\c@savedlocation=\count431
\c@organization=\count432
\c@savedorganization=\count433
\c@origlocation=\count434
\c@savedoriglocation=\count435
\c@origpublisher=\count436
\c@savedorigpublisher=\count437
\c@publisher=\count438
\c@savedpublisher=\count439
\c@language=\count440
\c@savedlanguage=\count441
\c@origlanguage=\count442
\c@savedoriglanguage=\count443
\c@pageref=\count444
\c@savedpageref=\count445
\shorthandwidth=\skip73
\shortjournalwidth=\skip74
\shortserieswidth=\skip75
\shorttitlewidth=\skip76
\shortauthorwidth=\skip77
\shorteditorwidth=\skip78
\locallabelnumberwidth=\skip79
\locallabelalphawidth=\skip80
\localshorthandwidth=\skip81
\localshortjournalwidth=\skip82
\localshortserieswidth=\skip83
\localshorttitlewidth=\skip84
\localshortauthorwidth=\skip85
\localshorteditorwidth=\skip86
Package biblatex Info: Trying to load compatibility code...
Package biblatex Info: ... file 'blx-compat.def' found.

("C:\Users\teodo\AppData\Local\Programs\MiKTeX 2.9\tex/latex/biblatex\blx-compa
t.def"
File: blx-compat.def 2019/08/31 v3.13a biblatex compatibility (PK/MW)
)
Package biblatex Info: Trying to load generic definitions...
Package biblatex Info: ... file 'biblatex.def' found.

("C:\Users\teodo\AppData\Local\Programs\MiKTeX 2.9\tex/latex/biblatex\biblatex.
def"
File: biblatex.def 2019/08/31 v3.13a biblatex compatibility (PK/MW)
\c@textcitecount=\count446
\c@textcitetotal=\count447
\c@textcitemaxnames=\count448
\c@biburlbigbreakpenalty=\count449
\c@biburlbreakpenalty=\count450
\c@biburlnumpenalty=\count451
\c@biburlucpenalty=\count452
\c@biburllcpenalty=\count453
\biburlbigskip=\muskip18
\biburlnumskip=\muskip19
\biburlucskip=\muskip20
\biburllcskip=\muskip21
\c@smartand=\count454
)
Package biblatex Info: Trying to load bibliography style 'alphabetic'...
Package biblatex Info: ... file 'alphabetic.bbx' found.

("C:\Users\teodo\AppData\Local\Programs\MiKTeX 2.9\tex/latex/biblatex/bbx\alpha
betic.bbx"
File: alphabetic.bbx 2019/08/31 v3.13a biblatex bibliography style (PK/MW)
Package biblatex Info: Trying to load bibliography style 'standard'...
Package biblatex Info: ... file 'standard.bbx' found.

("C:\Users\teodo\AppData\Local\Programs\MiKTeX 2.9\tex/latex/biblatex/bbx\stand
ard.bbx"
File: standard.bbx 2019/08/31 v3.13a biblatex bibliography style (PK/MW)
\c@bbx:relatedcount=\count455
\c@bbx:relatedtotal=\count456
))
Package biblatex Info: Trying to load citation style 'alphabetic'...
Package biblatex Info: ... file 'alphabetic.cbx' found.

("C:\Users\teodo\AppData\Local\Programs\MiKTeX 2.9\tex/latex/biblatex/cbx\alpha
betic.cbx"
File: alphabetic.cbx 2019/08/31 v3.13a biblatex citation style (PK/MW)
Package biblatex Info: Redefining '\cite'.
Package biblatex Info: Redefining '\parencite'.
Package biblatex Info: Redefining '\footcite'.
Package biblatex Info: Redefining '\footcitetext'.
Package biblatex Info: Redefining '\smartcite'.
Package biblatex Info: Redefining '\textcite'.
Package biblatex Info: Redefining '\textcites'.
Package biblatex Info: Redefining '\cites'.
Package biblatex Info: Redefining '\parencites'.
Package biblatex Info: Redefining '\smartcites'.
)
Package biblatex Info: Trying to load configuration file...
Package biblatex Info: ... file 'biblatex.cfg' found.

("C:\Users\teodo\AppData\Local\Programs\MiKTeX 2.9\tex/latex/biblatex\biblatex.
cfg"
File: biblatex.cfg 
))
("C:\Users\teodo\AppData\Local\Programs\MiKTeX 2.9\tex/latex/pdfpages\pdfpages.
sty"
Package: pdfpages 2019/09/21 v0.5n Insert pages of external PDF documents (AM)
 ("C:\Users\teodo\AppData\Local\Programs\MiKTeX 2.9\tex/latex/tools\calc.sty"
Package: calc 2017/05/25 v4.3 Infix arithmetic (KKT,FJ)
\calc@Acount=\count457
\calc@Bcount=\count458
\calc@Adimen=\dimen306
\calc@Bdimen=\dimen307
\calc@Askip=\skip87
\calc@Bskip=\skip88
LaTeX Info: Redefining \setlength on input line 80.
LaTeX Info: Redefining \addtolength on input line 81.
\calc@Ccount=\count459
\calc@Cskip=\skip89
)
("C:\Users\teodo\AppData\Local\Programs\MiKTeX 2.9\tex/latex/eso-pic\eso-pic.st
y"
Package: eso-pic 2018/04/12 v2.0h eso-pic (RN)

("C:\Users\teodo\AppData\Local\Programs\MiKTeX 2.9\tex/generic/oberdiek\atbegsh
i.sty"
Package: atbegshi 2016/06/09 v1.18 At begin shipout hook (HO)
))
\AM@pagewidth=\dimen308
\AM@pageheight=\dimen309

("C:\Users\teodo\AppData\Local\Programs\MiKTeX 2.9\tex/latex/pdfpages\pppdftex.
def"
File: pppdftex.def 2019/09/21 v0.5n Pdfpages driver for pdfTeX (AM)
)
\AM@pagebox=\box97
\AM@global@opts=\toks40
\AM@toc@title=\toks41
\c@AM@survey=\count460
\AM@templatesizebox=\box98
)
("C:\Users\teodo\AppData\Local\Programs\MiKTeX 2.9\tex/latex/oberdiek\epstopdf.
sty"
Package: epstopdf 2016/05/15 v2.6 Conversion with epstopdf on the fly (HO)

("C:\Users\teodo\AppData\Local\Programs\MiKTeX 2.9\tex/latex/oberdiek\epstopdf-
base.sty"
Package: epstopdf-base 2016/05/15 v2.6 Base part for package epstopdf

("C:\Users\teodo\AppData\Local\Programs\MiKTeX 2.9\tex/latex/oberdiek\grfext.st
y"
Package: grfext 2016/05/16 v1.2 Manage graphics extensions (HO)

("C:\Users\teodo\AppData\Local\Programs\MiKTeX 2.9\tex/generic/oberdiek\kvdefin
ekeys.sty"
Package: kvdefinekeys 2016/05/16 v1.4 Define keys (HO)
))
Package epstopdf-base Info: Redefining graphics rule for `.eps' on input line 4
38.
Package grfext Info: Graphics extension search list:
(grfext)             [.pdf,.png,.jpg,.mps,.jpeg,.jbig2,.jb2,.PDF,.PNG,.JPG,.JPE
G,.JBIG2,.JB2,.eps]
(grfext)             \AppendGraphicsExtensions on input line 456.
))
("C:\Users\teodo\AppData\Local\Programs\MiKTeX 2.9\tex/latex/geometry\geometry.
sty"
Package: geometry 2018/04/16 v5.8 Page Geometry

("C:\Users\teodo\AppData\Local\Programs\MiKTeX 2.9\tex/generic/oberdiek\ifvtex.
sty"
Package: ifvtex 2016/05/16 v1.6 Detect VTeX and its facilities (HO)
Package ifvtex Info: VTeX not detected.
)
("C:\Users\teodo\AppData\Local\Programs\MiKTeX 2.9\tex/generic/ifxetex\ifxetex.
sty"
Package: ifxetex 2010/09/12 v0.6 Provides ifxetex conditional
)
\Gm@cnth=\count461
\Gm@cntv=\count462
\c@Gm@tempcnt=\count463
\Gm@bindingoffset=\dimen310
\Gm@wd@mp=\dimen311
\Gm@odd@mp=\dimen312
\Gm@even@mp=\dimen313
\Gm@layoutwidth=\dimen314
\Gm@layoutheight=\dimen315
\Gm@layouthoffset=\dimen316
\Gm@layoutvoffset=\dimen317
\Gm@dimlist=\toks42

("C:\Users\teodo\AppData\Local\Programs\MiKTeX 2.9\tex/latex/geometry\geometry.
cfg"))) (input/commands.tex)
Package biblatex Info: Trying to load language 'ngerman'...
Package biblatex Info: ... file 'ngerman.lbx' found.

("C:\Users\teodo\AppData\Local\Programs\MiKTeX 2.9\tex/latex/biblatex/lbx\ngerm
an.lbx"
File: ngerman.lbx 2019/08/31 v3.13a biblatex localization (PK/MW)
Package biblatex Info: Trying to load language 'german'...
Package biblatex Info: ... file 'german.lbx' found.

("C:\Users\teodo\AppData\Local\Programs\MiKTeX 2.9\tex/latex/biblatex/lbx\germa
n.lbx"
File: german.lbx 2019/08/31 v3.13a biblatex localization (PK/MW)
)
Package biblatex Info: Trying to load language 'german'...
Package biblatex Info: ... file 'german.lbx' found.

("C:\Users\teodo\AppData\Local\Programs\MiKTeX 2.9\tex/latex/biblatex/lbx\germa
n.lbx"
File: german.lbx 2019/08/31 v3.13a biblatex localization (PK/MW)
))

Package biblatex Warning: 'babel/polyglossia' detected but 'csquotes' missing.
(biblatex)                Loading 'csquotes' recommended.

\@quotelevel=\count464
\@quotereset=\count465
(main.aux)
\openout1 = `main.aux'.

LaTeX Font Info:    Checking defaults for OML/cmm/m/it on input line 6.
LaTeX Font Info:    ... okay on input line 6.
LaTeX Font Info:    Checking defaults for T1/cmr/m/n on input line 6.
LaTeX Font Info:    ... okay on input line 6.
LaTeX Font Info:    Checking defaults for OT1/cmr/m/n on input line 6.
LaTeX Font Info:    ... okay on input line 6.
LaTeX Font Info:    Checking defaults for OMS/cmsy/m/n on input line 6.
LaTeX Font Info:    ... okay on input line 6.
LaTeX Font Info:    Checking defaults for OMX/cmex/m/n on input line 6.
LaTeX Font Info:    ... okay on input line 6.
LaTeX Font Info:    Checking defaults for U/cmr/m/n on input line 6.
LaTeX Font Info:    ... okay on input line 6.
Now handling font encoding TS1 ...
... processing UTF-8 mapping file for font encoding TS1

("C:\Users\teodo\AppData\Local\Programs\MiKTeX 2.9\tex/latex/base\ts1enc.dfu"
File: ts1enc.dfu 2019/07/11 v1.2j UTF-8 support for inputenc
   defining Unicode char U+00A2 (decimal 162)
   defining Unicode char U+00A3 (decimal 163)
   defining Unicode char U+00A4 (decimal 164)
   defining Unicode char U+00A5 (decimal 165)
   defining Unicode char U+00A6 (decimal 166)
   defining Unicode char U+00A7 (decimal 167)
   defining Unicode char U+00A8 (decimal 168)
   defining Unicode char U+00A9 (decimal 169)
   defining Unicode char U+00AA (decimal 170)
   defining Unicode char U+00AC (decimal 172)
   defining Unicode char U+00AE (decimal 174)
   defining Unicode char U+00AF (decimal 175)
   defining Unicode char U+00B0 (decimal 176)
   defining Unicode char U+00B1 (decimal 177)
   defining Unicode char U+00B2 (decimal 178)
   defining Unicode char U+00B3 (decimal 179)
   defining Unicode char U+00B4 (decimal 180)
   defining Unicode char U+00B5 (decimal 181)
   defining Unicode char U+00B6 (decimal 182)
   defining Unicode char U+00B7 (decimal 183)
   defining Unicode char U+00B9 (decimal 185)
   defining Unicode char U+00BA (decimal 186)
   defining Unicode char U+00BC (decimal 188)
   defining Unicode char U+00BD (decimal 189)
   defining Unicode char U+00BE (decimal 190)
   defining Unicode char U+00D7 (decimal 215)
   defining Unicode char U+00F7 (decimal 247)
   defining Unicode char U+0192 (decimal 402)
   defining Unicode char U+02C7 (decimal 711)
   defining Unicode char U+02D8 (decimal 728)
   defining Unicode char U+02DD (decimal 733)
   defining Unicode char U+0E3F (decimal 3647)
   defining Unicode char U+2016 (decimal 8214)
   defining Unicode char U+2020 (decimal 8224)
   defining Unicode char U+2021 (decimal 8225)
   defining Unicode char U+2022 (decimal 8226)
   defining Unicode char U+2030 (decimal 8240)
   defining Unicode char U+2031 (decimal 8241)
   defining Unicode char U+203B (decimal 8251)
   defining Unicode char U+203D (decimal 8253)
   defining Unicode char U+2044 (decimal 8260)
   defining Unicode char U+204E (decimal 8270)
   defining Unicode char U+2052 (decimal 8274)
   defining Unicode char U+20A1 (decimal 8353)
   defining Unicode char U+20A4 (decimal 8356)
   defining Unicode char U+20A6 (decimal 8358)
   defining Unicode char U+20A9 (decimal 8361)
   defining Unicode char U+20AB (decimal 8363)
   defining Unicode char U+20AC (decimal 8364)
   defining Unicode char U+20B1 (decimal 8369)
   defining Unicode char U+2103 (decimal 8451)
   defining Unicode char U+2116 (decimal 8470)
   defining Unicode char U+2117 (decimal 8471)
   defining Unicode char U+211E (decimal 8478)
   defining Unicode char U+2120 (decimal 8480)
   defining Unicode char U+2122 (decimal 8482)
   defining Unicode char U+2126 (decimal 8486)
   defining Unicode char U+2127 (decimal 8487)
   defining Unicode char U+212E (decimal 8494)
   defining Unicode char U+2190 (decimal 8592)
   defining Unicode char U+2191 (decimal 8593)
   defining Unicode char U+2192 (decimal 8594)
   defining Unicode char U+2193 (decimal 8595)
   defining Unicode char U+2329 (decimal 9001)
   defining Unicode char U+232A (decimal 9002)
   defining Unicode char U+2422 (decimal 9250)
   defining Unicode char U+25E6 (decimal 9702)
   defining Unicode char U+25EF (decimal 9711)
   defining Unicode char U+266A (decimal 9834)
   defining Unicode char U+27E8 (decimal 10216)
   defining Unicode char U+27E9 (decimal 10217)
   defining Unicode char U+FEFF (decimal 65279)
)
("C:\Users\teodo\AppData\Local\Programs\MiKTeX 2.9\tex/latex/translator\transla
tor-basic-dictionary-English.dict"
Dictionary: translator-basic-dictionary, Language: English 
)
("C:\Users\teodo\AppData\Local\Programs\MiKTeX 2.9\tex/latex/siunitx\siunitx-ab
breviations.cfg"
File: siunitx-abbreviations.cfg 2017/11/26 v2.7k siunitx: Abbreviated units
) ABD: EveryShipout initializing macros
("C:\Users\teodo\AppData\Local\Programs\MiKTeX 2.9\tex/context/base/mkii\supp-p
df.mkii"
[Loading MPS to PDF converter (version 2006.09.02).]
\scratchcounter=\count466
\scratchdimen=\dimen318
\scratchbox=\box99
\nofMPsegments=\count467
\nofMParguments=\count468
\everyMPshowfont=\toks43
\MPscratchCnt=\count469
\MPscratchDim=\dimen319
\MPnumerator=\count470
\makeMPintoPDFobject=\count471
\everyMPtoPDFconversion=\toks44
)
Package pgfplots notification 'compat/show suggested version=true': you might b
enefit from \pgfplotsset{compat=1.16} (current compat level: 1.12).

\c@lstlisting=\count472
Package caption Info: Begin \AtBeginDocument code.
Package caption Info: subfig package v1.3 is loaded.
Package caption Info: End \AtBeginDocument code.
Package biblatex Info: Input encoding 'utf8' detected.
Package biblatex Info: Automatic encoding selection.
(biblatex)             Assuming data encoding 'utf8'.
\openout4 = `main.bcf'.

Package biblatex Info: Trying to load bibliographic data...
Package biblatex Info: ... file 'main.bbl' not found.
No file main.bbl.
Package biblatex Info: Reference section=0 on input line 6.
Package biblatex Info: Reference segment=0 on input line 6.
\AtBeginShipoutBox=\box100

("C:\Users\teodo\AppData\Local\Programs\MiKTeX 2.9\tex/latex/oberdiek\pdflscape
.sty"
Package: pdflscape 2016/05/14 v0.11 Display of landscape pages in PDF (HO)

("C:\Users\teodo\AppData\Local\Programs\MiKTeX 2.9\tex/latex/graphics\lscape.st
y"
Package: lscape 2000/10/22 v3.01 Landscape Pages (DPC)
)
Package pdflscape Info: Auto-detected driver: pdftex on input line 81.
)
*geometry* driver: auto-detecting
*geometry* detected driver: pdftex
*geometry* verbose mode - [ preamble ] result:
* driver: pdftex
* paper: <default>
* layout: <same size as paper>
* layoutoffset:(h,v)=(0.0pt,0.0pt)
* modes: 
* h-part:(L,W,R)=(56.9055pt, 500.484pt, 56.9055pt)
* v-part:(T,H,B)=(113.81102pt, 567.34795pt, 113.81102pt)
* \paperwidth=614.295pt
* \paperheight=794.96999pt
* \textwidth=500.484pt
* \textheight=567.34795pt
* \oddsidemargin=-15.36449pt
* \evensidemargin=-15.36449pt
* \topmargin=4.54103pt
* \headheight=12.0pt
* \headsep=25.0pt
* \topskip=11.0pt
* \footskip=30.0pt
* \marginparwidth=59.0pt
* \marginparsep=10.0pt
* \columnsep=10.0pt
* \skip\footins=10.0pt plus 4.0pt minus 2.0pt
* \hoffset=0.0pt
* \voffset=0.0pt
* \mag=1000
* \@twocolumnfalse
* \@twosidefalse
* \@mparswitchfalse
* \@reversemarginfalse
* (1in=72.27pt=25.4mm, 1cm=28.453pt)

LaTeX Font Info:    Trying to load font information for OMS+rsfs on input line 
6.
("C:\Users\teodo\AppData\Local\Programs\MiKTeX 2.9\tex/latex/calrsfs\omsrsfs.fd
")

LaTeX Warning: No \author given.

(input/software.tex
LaTeX Font Info:    Trying to load font information for OMS+cmr on input line 6
.

("C:\Users\teodo\AppData\Local\Programs\MiKTeX 2.9\tex/latex/base\omscmr.fd"
File: omscmr.fd 2014/09/29 v2.5h Standard LaTeX font definitions
)
LaTeX Font Info:    Font shape `OMS/cmr/m/n' in size <10.95> not available
(Font)              Font shape `OMS/cmsy/m/n' tried instead on input line 6.

[1

{C:/Users/teodo/AppData/Local/MiKTeX/2.9/pdftex/config/pdftex.map}]
Overfull \hbox (28.3373pt too wide) in paragraph at lines 59--60
[]\T1/cmr/bx/n/10.95 Qualittszielbestimmung\T1/cmr/m/n/10.95 : Auf-trag-ge-ber
 und Auf-trag-neh-mer le-gen vor Be-ginn der Software-Entwicklung
 []

[2] [3]
LaTeX Font Info:    Trying to load font information for T1+cmss on input line 1
05.

("C:\Users\teodo\AppData\Local\Programs\MiKTeX 2.9\tex/latex/base\t1cmss.fd"
File: t1cmss.fd 2014/09/29 v2.5h Standard LaTeX font definitions
)
[4] [5] [6] [7]
<images/taskDistribution.png, id=36, 519.1395pt x 257.16075pt>
File: images/taskDistribution.png Graphic file (type png)
<use images/taskDistribution.png>
Package pdftex.def Info: images/taskDistribution.png  used on input line 247.
(pdftex.def)             Requested size: 325.31154pt x 161.14885pt.
 [8 <./images/taskDistribution.png>]
<images/roundTripEngineering.png, id=40, 658.8615pt x 386.04225pt>
File: images/roundTripEngineering.png Graphic file (type png)
<use images/roundTripEngineering.png>
Package pdftex.def Info: images/roundTripEngineering.png  used on input line 28
4.
(pdftex.def)             Requested size: 425.41444pt x 249.26335pt.
<images/softwareCycle-1.png, id=41, 573.342pt x 386.04225pt>
File: images/softwareCycle-1.png Graphic file (type png)
<use images/softwareCycle-1.png>
Package pdftex.def Info: images/softwareCycle-1.png  used on input line 289.
(pdftex.def)             Requested size: 425.41444pt x 286.45023pt.


LaTeX Warning: `h' float specifier changed to `ht'.

[9 <./images/roundTripEngineering.png>]
<images/v-model.png, id=45, 642.60075pt x 340.27126pt>
File: images/v-model.png Graphic file (type png)
<use images/v-model.png>
Package pdftex.def Info: images/v-model.png  used on input line 305.
(pdftex.def)             Requested size: 425.41444pt x 225.26508pt.
 [10 <./images/softwareCycle-1.png>])
(input/konfigurationsmanagement.tex [11 <./images/v-model.png>] [12]
<images/2_1_1.png, id=55, 442.65375pt x 258.9675pt>
File: images/2_1_1.png Graphic file (type png)
<use images/2_1_1.png>
Package pdftex.def Info: images/2_1_1.png  used on input line 47.
(pdftex.def)             Requested size: 425.41444pt x 248.89441pt.
<images/2_1_2.png, id=56, 396.2805pt x 262.581pt>
File: images/2_1_2.png Graphic file (type png)
<use images/2_1_2.png>
Package pdftex.def Info: images/2_1_2.png  used on input line 52.
(pdftex.def)             Requested size: 425.41444pt x 281.90443pt.


LaTeX Warning: `h' float specifier changed to `ht'.

<images/2_1_3.png, id=57, 330.63525pt x 121.05225pt>
File: images/2_1_3.png Graphic file (type png)
<use images/2_1_3.png>
Package pdftex.def Info: images/2_1_3.png  used on input line 58.
(pdftex.def)             Requested size: 300.29344pt x 109.94528pt.

LaTeX Warning: `h' float specifier changed to `ht'.


Overfull \hbox (6.98456pt too wide) in paragraph at lines 69--70
[]\T1/cmr/m/n/10.95 Personen ho-len sich Ver-sio-nen neu-er Do-ku-men-te, die v
on an-de-ren Per-so-nen er-stellt wur-den(\T1/cmr/bx/n/10.95 checkout\T1/cmr/m/
n/10.95 ),
 []

[13 <./images/2_1_1.png>] [14 <./images/2_1_2.png>] [15 <./images/2_1_3.png>]
Overfull \hbox (151.45561pt too wide) in paragraph at lines 121--122
[]\T1/cmr/m/n/10.95 jedes Del-ta hat \T1/cmr/bx/n/10.95 SCCS-Identifikationsnum
mer \T1/cmr/m/n/10.95 der zu-ge-h-ri-gen Re-vi-si-on: <Re-lea-se-No>.<LevelNo>
.<BranchNo>.<SequenceNo> 
 []

[16] [17]
Overfull \hbox (0.26189pt too wide) in paragraph at lines 181--182
 \T1/cmr/bx/n/10.95 Pro-ble-me mit Schreib-sper-ren[] \T1/cmr/m/n/10.95 SC-CS r
ea-li-siert ein so-ge-nann-tes ''pes-si-mis-ti-sches'' Sperr-kon-zept. Gleich-
 []

[18]
<images/2_2_1.png, id=77, 437.83575pt x 260.77425pt>
File: images/2_2_1.png Graphic file (type png)
<use images/2_2_1.png>
Package pdftex.def Info: images/2_2_1.png  used on input line 214.
(pdftex.def)             Requested size: 425.41444pt x 253.38841pt.
) [19 <./images/2_2_1.png>] [20] (main.aux)
Package logreq Info: Writing requests to 'main.run.xml'.
\openout1 = `main.run.xml'.

 ) 
Here is how much of TeX's memory you used:
 47605 strings out of 492452
 1097751 string characters out of 3120063
 1686126 words of memory out of 3000000
 51327 multiletter control sequences out of 15000+200000
 546436 words of font info for 61 fonts, out of 3000000 for 9000
 1143 hyphenation exceptions out of 8191
 66i,7n,100p,840b,2195s stack positions out of 5000i,500n,10000p,200000b,50000s
 <C:\Users\teodo\AppData\Local\MiKTeX\2.9\fonts/pk/ljfour/jknappen/ec/dpi600\
ecss1095.pk> <C:\Users\teodo\AppData\Local\MiKTeX\2.9\fonts/pk/ljfour/jknappen/
ec/dpi600\ecsl1095.pk> <C:\Users\teodo\AppData\Local\MiKTeX\2.9\fonts/pk/ljfour
/jknappen/ec/dpi600\ecbx1095.pk> <C:\Users\teodo\AppData\Local\MiKTeX\2.9\fonts
/pk/ljfour/jknappen/ec/dpi600\ecbx1200.pk> <C:\Users\teodo\AppData\Local\MiKTeX
\2.9\fonts/pk/ljfour/jknappen/ec/dpi600\ecrm1095.pk> <C:\Users\teodo\AppData\Lo
cal\MiKTeX\2.9\fonts/pk/ljfour/jknappen/ec/dpi600\ecbx1440.pk> <C:\Users\teodo\
AppData\Local\MiKTeX\2.9\fonts/pk/ljfour/jknappen/ec/dpi600\ecrm1200.pk> <C:\Us
ers\teodo\AppData\Local\MiKTeX\2.9\fonts/pk/ljfour/jknappen/ec/dpi600\ecrm1728.
pk><C:/Users/teodo/AppData/Local/Programs/MiKTeX 2.9/fonts/type1/public/amsfont
s/cm/cmsy10.pfb>
Output written on main.pdf (20 pages, 554419 bytes).
PDF statistics:
 436 PDF objects out of 1000 (max. 8388607)
 0 named destinations out of 1000 (max. 500000)
 53 words of extra memory for PDF output out of 10000 (max. 10000000)

